10408576
VALIDATION LOSS:  7.072385204081633
VALIDATION ACCURACY 0.11170204689018465
7.03125 7.03125
6.965886454183267 6.90625
6.916479540918163 6.75
6.863099201065246 6.75
6.82515625 6.65625
6.75590625 6.6875
6.70759375 6.6875
6.68153125 6.59375
6.6619375 6.625
6.64515625 6.625
6.627125 6.59375
VALIDATION LOSS:  6.665816326530612
VALIDATION ACCURACY 0.6866306790573372
6.62690625 6.59375
6.6091875 6.5625
6.592 6.53125
6.5749375 6.5625
6.5586875 6.5
6.54428125 6.4375
6.53184375 6.46875
6.51796875 6.46875
6.506125 6.53125
6.4955 6.4375
6.48515625 6.5625
VALIDATION LOSS:  6.604591836734694
VALIDATION ACCURACY 0.7803009596695821
6.485125 6.53125
6.4769375 6.53125
6.46746875 6.4375
6.4585 6.4375
6.45065625 6.46875
6.44415625 6.53125
6.43909375 6.4375
6.43371875 6.375
6.42628125 6.3125
6.421 6.375
6.41596875 6.34375
VALIDATION LOSS:  6.5854591836734695
VALIDATION ACCURACY 0.7793519193391643
6.416125 6.46875
6.41109375 6.3125
6.40725 6.4375
6.40225 6.40625
6.39753125 6.4375
6.39353125 6.40625
6.39059375 6.40625
6.385 6.40625
6.38046875 6.34375
6.37634375 6.5
6.37159375 6.28125
VALIDATION LOSS:  6.559311224489796
VALIDATION ACCURACY 0.8900100218658892
6.37146875 6.34375
6.36796875 6.4375
6.36521875 6.4375
6.36059375 6.34375
6.357625 6.375
6.35690625 6.375
6.354375 6.34375
6.35375 6.375
6.3514375 6.34375
6.3479375 6.34375
6.345 6.4375
VALIDATION LOSS:  6.532525510204081
VALIDATION ACCURACY 0.9577715014577259
6.34484375 6.28125
6.3415625 6.28125
6.33903125 6.34375
6.336125 6.34375
6.3326875 6.34375
6.3324375 6.3125
6.32940625 6.46875
6.32796875 6.21875
6.3259375 6.34375
6.32190625 6.25
6.32065625 6.3125
VALIDATION LOSS:  6.529974489795919
VALIDATION ACCURACY 0.9576765974246841
6.32078125 6.34375
6.3183125 6.3125
6.31659375 6.28125
6.3144375 6.28125
6.31225 6.375
6.3089375 6.28125
6.30853125 6.15625
6.3065625 6.3125
